  Block.cpp
  BlockChain.cpp
  main.cpp
  MerkleTree.cpp
  Transaction.cpp
  TransactionPool.cpp
  Создание кода...
libcpmtd.lib(wlocale.obj) : error LNK2001: неразрешенный внешний символ __calloc_dbg.
libcpmtd.lib(xlocale.obj) : error LNK2001: неразрешенный внешний символ __calloc_dbg.
Block.obj : error LNK2001: неразрешенный внешний символ __calloc_dbg.
main.obj : error LNK2001: неразрешенный внешний символ __calloc_dbg.
libcpmtd.lib(_tolower.obj) : error LNK2001: неразрешенный внешний символ __calloc_dbg.
libcpmtd.lib(locale.obj) : error LNK2001: неразрешенный внешний символ __calloc_dbg.
libcpmtd.lib(wlocale.obj) : error LNK2019: ссылка на неразрешенный внешний символ __free_dbg в функции "public: __thiscall std::time_put<unsigned short,class std::ostreambuf_iterator<unsigned short,struct std::char_traits<unsigned short> > >::time_put<unsigned short,class std::ostreambuf_iterator<unsigned short,struct std::char_traits<unsigned short> > >(class std::_Locinfo const &,unsigned int)" (??0?$time_put@GV?$ostreambuf_iterator@GU?$char_traits@G@std@@@std@@@std@@QAE@ABV_Locinfo@1@I@Z).
libcpmtd.lib(xlocale.obj) : error LNK2001: неразрешенный внешний символ __free_dbg.
libcpmtd.lib(xwcsxfrm.obj) : error LNK2001: неразрешенный внешний символ __free_dbg.
libcpmtd.lib(StlCompareStringA.obj) : error LNK2001: неразрешенный внешний символ __free_dbg.
libcpmtd.lib(cerr.obj) : error LNK2001: неразрешенный внешний символ __free_dbg.
libcpmtd.lib(cin.obj) : error LNK2001: неразрешенный внешний символ __free_dbg.
libcpmtd.lib(locale.obj) : error LNK2001: неразрешенный внешний символ __free_dbg.
libcpmtd.lib(StlLCMapStringA.obj) : error LNK2001: неразрешенный внешний символ __free_dbg.
Block.obj : error LNK2001: неразрешенный внешний символ __free_dbg.
main.obj : error LNK2001: неразрешенный внешний символ __free_dbg.
libcpmtd.lib(locale0.obj) : error LNK2001: неразрешенный внешний символ __free_dbg.
libcpmtd.lib(cout.obj) : error LNK2001: неразрешенный внешний символ __free_dbg.
libcpmtd.lib(wlocale.obj) : error LNK2001: неразрешенный внешний символ __malloc_dbg.
libcpmtd.lib(xlocale.obj) : error LNK2001: неразрешенный внешний символ __malloc_dbg.
libcpmtd.lib(xwcsxfrm.obj) : error LNK2001: неразрешенный внешний символ __malloc_dbg.
libcpmtd.lib(StlCompareStringA.obj) : error LNK2001: неразрешенный внешний символ __malloc_dbg.
libcpmtd.lib(cerr.obj) : error LNK2001: неразрешенный внешний символ __malloc_dbg.
libcpmtd.lib(cin.obj) : error LNK2001: неразрешенный внешний символ __malloc_dbg.
libcpmtd.lib(locale.obj) : error LNK2001: неразрешенный внешний символ __malloc_dbg.
libcpmtd.lib(StlLCMapStringA.obj) : error LNK2001: неразрешенный внешний символ __malloc_dbg.
Block.obj : error LNK2001: неразрешенный внешний символ __malloc_dbg.
main.obj : error LNK2001: неразрешенный внешний символ __malloc_dbg.
libcpmtd.lib(locale0.obj) : error LNK2001: неразрешенный внешний символ __malloc_dbg.
libcpmtd.lib(cout.obj) : error LNK2001: неразрешенный внешний символ __malloc_dbg.
libcpmtd.lib(cin.obj) : error LNK2001: неразрешенный внешний символ __CrtDbgReport.
libcpmtd.lib(locale.obj) : error LNK2001: неразрешенный внешний символ __CrtDbgReport.
libcpmtd.lib(wlocale.obj) : error LNK2001: неразрешенный внешний символ __CrtDbgReport.
libcpmtd.lib(xlocale.obj) : error LNK2001: неразрешенный внешний символ __CrtDbgReport.
TransactionPool.obj : error LNK2001: неразрешенный внешний символ __CrtDbgReport.
libcpmtd.lib(xtime.obj) : error LNK2001: неразрешенный внешний символ __CrtDbgReport.
libcpmtd.lib(cout.obj) : error LNK2001: неразрешенный внешний символ __CrtDbgReport.
libcpmtd.lib(cerr.obj) : error LNK2001: неразрешенный внешний символ __CrtDbgReport.
Block.obj : error LNK2001: неразрешенный внешний символ __CrtDbgReport.
BlockChain.obj : error LNK2001: неразрешенный внешний символ __CrtDbgReport.
main.obj : error LNK2001: неразрешенный внешний символ __CrtDbgReport.
Transaction.obj : error LNK2001: неразрешенный внешний символ __CrtDbgReport.
Block.obj : error LNK2019: ссылка на неразрешенный внешний символ "public: __thiscall CryptoPP::Algorithm::Algorithm(bool)" (??0Algorithm@CryptoPP@@QAE@_N@Z) в функции "public: __thiscall CryptoPP::BufferedTransformation::BufferedTransformation(void)" (??0BufferedTransformation@CryptoPP@@QAE@XZ).
Block.obj : error LNK2001: неразрешенный внешний символ "public: virtual bool __thiscall CryptoPP::HashTransformation::TruncatedVerify(unsigned char const *,unsigned int)" (?TruncatedVerify@HashTransformation@CryptoPP@@UAE_NPBEI@Z).
Block.obj : error LNK2001: неразрешенный внешний символ "public: virtual unsigned int __thiscall CryptoPP::BufferedTransformation::GetMaxWaitObjectCount(void)const " (?GetMaxWaitObjectCount@BufferedTransformation@CryptoPP@@UBEIXZ).
Block.obj : error LNK2001: неразрешенный внешний символ "public: virtual void __thiscall CryptoPP::BufferedTransformation::GetWaitObjects(class CryptoPP::WaitObjectContainer &,class CryptoPP::CallStack const &)" (?GetWaitObjects@BufferedTransformation@CryptoPP@@UAEXAAVWaitObjectContainer@2@ABVCallStack@2@@Z).
Block.obj : error LNK2001: неразрешенный внешний символ "public: virtual void __thiscall CryptoPP::BufferedTransformation::Initialize(class CryptoPP::NameValuePairs const &,int)" (?Initialize@BufferedTransformation@CryptoPP@@UAEXABVNameValuePairs@2@H@Z).
Block.obj : error LNK2001: неразрешенный внешний символ "public: virtual bool __thiscall CryptoPP::BufferedTransformation::Flush(bool,int,bool)" (?Flush@BufferedTransformation@CryptoPP@@UAE_N_NH0@Z).
Block.obj : error LNK2001: неразрешенный внешний символ "public: virtual bool __thiscall CryptoPP::BufferedTransformation::MessageSeriesEnd(int,bool)" (?MessageSeriesEnd@BufferedTransformation@CryptoPP@@UAE_NH_N@Z).
Block.obj : error LNK2001: неразрешенный внешний символ "public: virtual unsigned __int64 __thiscall CryptoPP::BufferedTransformation::MaxRetrievable(void)const " (?MaxRetrievable@BufferedTransformation@CryptoPP@@UBE_KXZ).
Block.obj : error LNK2001: неразрешенный внешний символ "public: virtual bool __thiscall CryptoPP::BufferedTransformation::AnyRetrievable(void)const " (?AnyRetrievable@BufferedTransformation@CryptoPP@@UBE_NXZ).
Block.obj : error LNK2001: неразрешенный внешний символ "public: virtual unsigned int __thiscall CryptoPP::BufferedTransformation::Get(unsigned char &)" (?Get@BufferedTransformation@CryptoPP@@UAEIAAE@Z).
Block.obj : error LNK2001: неразрешенный внешний символ "public: virtual unsigned int __thiscall CryptoPP::BufferedTransformation::Get(unsigned char *,unsigned int)" (?Get@BufferedTransformation@CryptoPP@@UAEIPAEI@Z).
Block.obj : error LNK2001: неразрешенный внешний символ "public: virtual unsigned int __thiscall CryptoPP::BufferedTransformation::Peek(unsigned char &)const " (?Peek@BufferedTransformation@CryptoPP@@UBEIAAE@Z).
Block.obj : error LNK2001: неразрешенный внешний символ "public: virtual unsigned int __thiscall CryptoPP::BufferedTransformation::Peek(unsigned char *,unsigned int)const " (?Peek@BufferedTransformation@CryptoPP@@UBEIPAEI@Z).
Block.obj : error LNK2001: неразрешенный внешний символ "public: virtual unsigned __int64 __thiscall CryptoPP::BufferedTransformation::Skip(unsigned __int64)" (?Skip@BufferedTransformation@CryptoPP@@UAE_K_K@Z).
Block.obj : error LNK2001: неразрешенный внешний символ "public: virtual unsigned __int64 __thiscall CryptoPP::BufferedTransformation::TotalBytesRetrievable(void)const " (?TotalBytesRetrievable@BufferedTransformation@CryptoPP@@UBE_KXZ).
Block.obj : error LNK2001: неразрешенный внешний символ "public: virtual unsigned int __thiscall CryptoPP::BufferedTransformation::NumberOfMessages(void)const " (?NumberOfMessages@BufferedTransformation@CryptoPP@@UBEIXZ).
Block.obj : error LNK2001: неразрешенный внешний символ "public: virtual bool __thiscall CryptoPP::BufferedTransformation::AnyMessages(void)const " (?AnyMessages@BufferedTransformation@CryptoPP@@UBE_NXZ).
Block.obj : error LNK2001: неразрешенный внешний символ "public: virtual bool __thiscall CryptoPP::BufferedTransformation::GetNextMessage(void)" (?GetNextMessage@BufferedTransformation@CryptoPP@@UAE_NXZ).
Block.obj : error LNK2001: неразрешенный внешний символ "public: virtual unsigned int __thiscall CryptoPP::BufferedTransformation::SkipMessages(unsigned int)" (?SkipMessages@BufferedTransformation@CryptoPP@@UAEII@Z).
Block.obj : error LNK2001: неразрешенный внешний символ "public: virtual void __thiscall CryptoPP::BufferedTransformation::SkipAll(void)" (?SkipAll@BufferedTransformation@CryptoPP@@UAEXXZ).
Block.obj : error LNK2001: неразрешенный внешний символ "public: virtual unsigned char * __thiscall CryptoPP::BufferedTransformation::ChannelCreatePutSpace(class std::basic_string<char,struct std::char_traits<char>,class std::allocator<char> > const &,unsigned int &)" (?ChannelCreatePutSpace@BufferedTransformation@CryptoPP@@UAEPAEABV?$basic_string@DU?$char_traits@D@std@@V?$allocator@D@2@@std@@AAI@Z).
Block.obj : error LNK2001: неразрешенный внешний символ "public: virtual unsigned int __thiscall CryptoPP::BufferedTransformation::ChannelPut2(class std::basic_string<char,struct std::char_traits<char>,class std::allocator<char> > const &,unsigned char const *,unsigned int,int,bool)" (?ChannelPut2@BufferedTransformation@CryptoPP@@UAEIABV?$basic_string@DU?$char_traits@D@std@@V?$allocator@D@2@@std@@PBEIH_N@Z).
Block.obj : error LNK2001: неразрешенный внешний символ "public: virtual unsigned int __thiscall CryptoPP::BufferedTransformation::ChannelPutModifiable2(class std::basic_string<char,struct std::char_traits<char>,class std::allocator<char> > const &,unsigned char *,unsigned int,int,bool)" (?ChannelPutModifiable2@BufferedTransformation@CryptoPP@@UAEIABV?$basic_string@DU?$char_traits@D@std@@V?$allocator@D@2@@std@@PAEIH_N@Z).
Block.obj : error LNK2001: неразрешенный внешний символ "public: virtual bool __thiscall CryptoPP::BufferedTransformation::ChannelFlush(class std::basic_string<char,struct std::char_traits<char>,class std::allocator<char> > const &,bool,int,bool)" (?ChannelFlush@BufferedTransformation@CryptoPP@@UAE_NABV?$basic_string@DU?$char_traits@D@std@@V?$allocator@D@2@@std@@_NH1@Z).
Block.obj : error LNK2001: неразрешенный внешний символ "public: virtual bool __thiscall CryptoPP::BufferedTransformation::ChannelMessageSeriesEnd(class std::basic_string<char,struct std::char_traits<char>,class std::allocator<char> > const &,int,bool)" (?ChannelMessageSeriesEnd@BufferedTransformation@CryptoPP@@UAE_NABV?$basic_string@DU?$char_traits@D@std@@V?$allocator@D@2@@std@@H_N@Z).
Block.obj : error LNK2001: неразрешенный внешний символ "public: virtual void __thiscall CryptoPP::BufferedTransformation::SetRetrievalChannel(class std::basic_string<char,struct std::char_traits<char>,class std::allocator<char> > const &)" (?SetRetrievalChannel@BufferedTransformation@CryptoPP@@UAEXABV?$basic_string@DU?$char_traits@D@std@@V?$allocator@D@2@@std@@@Z).
Block.obj : error LNK2019: ссылка на неразрешенный внешний символ "public: virtual void __thiscall CryptoPP::BufferedTransformation::Attach(class CryptoPP::BufferedTransformation *)" (?Attach@BufferedTransformation@CryptoPP@@UAEXPAV12@@Z) в функции "public: class std::basic_string<char,struct std::char_traits<char>,class std::allocator<char> > __thiscall Block::hash(void)" (?hash@Block@@QAE?AV?$basic_string@DU?$char_traits@D@std@@V?$allocator@D@2@@std@@XZ).
Block.obj : error LNK2019: ссылка на неразрешенный внешний символ "void * __cdecl CryptoPP::AlignedAllocate(unsigned int)" (?AlignedAllocate@CryptoPP@@YAPAXI@Z) в функции "public: unsigned char * __thiscall CryptoPP::AllocatorWithCleanup<unsigned char,0>::allocate(unsigned int,void const *)" (?allocate@?$AllocatorWithCleanup@E$0A@@CryptoPP@@QAEPAEIPBX@Z).
Block.obj : error LNK2019: ссылка на неразрешенный внешний символ "void __cdecl CryptoPP::AlignedDeallocate(void *)" (?AlignedDeallocate@CryptoPP@@YAXPAX@Z) в функции "public: void __thiscall CryptoPP::AllocatorWithCleanup<unsigned char,0>::deallocate(void *,unsigned int)" (?deallocate@?$AllocatorWithCleanup@E$0A@@CryptoPP@@QAEXPAXI@Z).
Block.obj : error LNK2019: ссылка на неразрешенный внешний символ "void * __cdecl CryptoPP::UnalignedAllocate(unsigned int)" (?UnalignedAllocate@CryptoPP@@YAPAXI@Z) в функции "public: unsigned char * __thiscall CryptoPP::AllocatorWithCleanup<unsigned char,0>::allocate(unsigned int,void const *)" (?allocate@?$AllocatorWithCleanup@E$0A@@CryptoPP@@QAEPAEIPBX@Z).
Block.obj : error LNK2019: ссылка на неразрешенный внешний символ "void __cdecl CryptoPP::UnalignedDeallocate(void *)" (?UnalignedDeallocate@CryptoPP@@YAXPAX@Z) в функции "public: void __thiscall CryptoPP::AllocatorWithCleanup<unsigned char,0>::deallocate(void *,unsigned int)" (?deallocate@?$AllocatorWithCleanup@E$0A@@CryptoPP@@QAEXPAXI@Z).
Block.obj : error LNK2001: неразрешенный внешний символ "public: virtual void __thiscall CryptoPP::IteratedHashBase<unsigned int,class CryptoPP::HashTransformation>::Update(unsigned char const *,unsigned int)" (?Update@?$IteratedHashBase@IVHashTransformation@CryptoPP@@@CryptoPP@@UAEXPBEI@Z).
Block.obj : error LNK2001: неразрешенный внешний символ "public: virtual unsigned char * __thiscall CryptoPP::IteratedHashBase<unsigned int,class CryptoPP::HashTransformation>::CreateUpdateSpace(unsigned int &)" (?CreateUpdateSpace@?$IteratedHashBase@IVHashTransformation@CryptoPP@@@CryptoPP@@UAEPAEAAI@Z).
Block.obj : error LNK2001: неразрешенный внешний символ "public: virtual void __thiscall CryptoPP::IteratedHashBase<unsigned int,class CryptoPP::HashTransformation>::Restart(void)" (?Restart@?$IteratedHashBase@IVHashTransformation@CryptoPP@@@CryptoPP@@UAEXXZ).
Block.obj : error LNK2001: неразрешенный внешний символ "public: virtual void __thiscall CryptoPP::IteratedHashBase<unsigned int,class CryptoPP::HashTransformation>::TruncatedFinal(unsigned char *,unsigned int)" (?TruncatedFinal@?$IteratedHashBase@IVHashTransformation@CryptoPP@@@CryptoPP@@UAEXPAEI@Z).
Block.obj : error LNK2019: ссылка на неразрешенный внешний символ "public: static void __cdecl CryptoPP::SHA256::InitState(unsigned int *)" (?InitState@SHA256@CryptoPP@@SAXPAI@Z) в функции "protected: virtual void __thiscall CryptoPP::IteratedHashWithStaticTransform<unsigned int,struct CryptoPP::EnumToType<enum CryptoPP::ByteOrder,1>,64,32,class CryptoPP::SHA256,32,1>::Init(void)" (?Init@?$IteratedHashWithStaticTransform@IU?$EnumToType@W4ByteOrder@CryptoPP@@$00@CryptoPP@@$0EA@$0CA@VSHA256@2@$0CA@$00@CryptoPP@@MAEXXZ).
Block.obj : error LNK2019: ссылка на неразрешенный внешний символ "public: static void __cdecl CryptoPP::SHA256::Transform(unsigned int *,unsigned int const *)" (?Transform@SHA256@CryptoPP@@SAXPAIPBI@Z) в функции "protected: virtual void __thiscall CryptoPP::IteratedHashWithStaticTransform<unsigned int,struct CryptoPP::EnumToType<enum CryptoPP::ByteOrder,1>,64,32,class CryptoPP::SHA256,32,1>::HashEndianCorrectedBlock(unsigned int const *)" (?HashEndianCorrectedBlock@?$IteratedHashWithStaticTransform@IU?$EnumToType@W4ByteOrder@CryptoPP@@$00@CryptoPP@@$0EA@$0CA@VSHA256@2@$0CA@$00@CryptoPP@@MAEXPBI@Z).
Block.obj : error LNK2001: неразрешенный внешний символ "public: virtual class std::basic_string<char,struct std::char_traits<char>,class std::allocator<char> > __thiscall CryptoPP::SHA256::AlgorithmProvider(void)const " (?AlgorithmProvider@SHA256@CryptoPP@@UBE?AV?$basic_string@DU?$char_traits@D@std@@V?$allocator@D@2@@std@@XZ).
Block.obj : error LNK2001: неразрешенный внешний символ "protected: virtual unsigned int __thiscall CryptoPP::SHA256::HashMultipleBlocks(unsigned int const *,unsigned int)" (?HashMultipleBlocks@SHA256@CryptoPP@@MAEIPBII@Z).
Block.obj : error LNK2019: ссылка на неразрешенный внешний символ "bool __cdecl CryptoPP::AssignIntToInteger(class type_info const &,void *,void const *)" (?AssignIntToInteger@CryptoPP@@YA_NABVtype_info@@PAXPBX@Z) в функции "public: virtual void __thiscall CryptoPP::AlgorithmParametersTemplate<int>::AssignValue(char const *,class type_info const &,void *)const " (?AssignValue@?$AlgorithmParametersTemplate@H@CryptoPP@@UBEXPBDABVtype_info@@PAX@Z).
Block.obj : error LNK2019: ссылка на неразрешенный внешний символ "public: __thiscall CryptoPP::AlgorithmParameters::AlgorithmParameters(void)" (??0AlgorithmParameters@CryptoPP@@QAE@XZ) в функции "class CryptoPP::AlgorithmParameters __cdecl CryptoPP::MakeParameters<bool>(char const *,bool const &,bool)" (??$MakeParameters@_N@CryptoPP@@YA?AVAlgorithmParameters@0@PBDAB_N_N@Z).
Block.obj : error LNK2019: ссылка на неразрешенный внешний символ "public: __thiscall CryptoPP::AlgorithmParameters::AlgorithmParameters(class CryptoPP::AlgorithmParameters const &)" (??0AlgorithmParameters@CryptoPP@@QAE@ABV01@@Z) в функции "class CryptoPP::AlgorithmParameters __cdecl CryptoPP::MakeParameters<bool>(char const *,bool const &,bool)" (??$MakeParameters@_N@CryptoPP@@YA?AVAlgorithmParameters@0@PBDAB_N_N@Z).
Block.obj : error LNK2019: ссылка на неразрешенный внешний символ "public: __thiscall CryptoPP::Filter::Filter(class CryptoPP::BufferedTransformation *)" (??0Filter@CryptoPP@@QAE@PAVBufferedTransformation@1@@Z) в функции "public: __thiscall CryptoPP::Bufferless<class CryptoPP::Filter>::Bufferless<class CryptoPP::Filter>(void)" (??0?$Bufferless@VFilter@CryptoPP@@@CryptoPP@@QAE@XZ).
Block.obj : error LNK2001: неразрешенный внешний символ "public: virtual class CryptoPP::BufferedTransformation * __thiscall CryptoPP::Filter::AttachedTransformation(void)" (?AttachedTransformation@Filter@CryptoPP@@UAEPAVBufferedTransformation@2@XZ).
Block.obj : error LNK2001: неразрешенный внешний символ "public: virtual class CryptoPP::BufferedTransformation const * __thiscall CryptoPP::Filter::AttachedTransformation(void)const " (?AttachedTransformation@Filter@CryptoPP@@UBEPBVBufferedTransformation@2@XZ).
Block.obj : error LNK2019: ссылка на неразрешенный внешний символ "public: virtual void __thiscall CryptoPP::Filter::Detach(class CryptoPP::BufferedTransformation *)" (?Detach@Filter@CryptoPP@@UAEXPAVBufferedTransformation@2@@Z) в функции "public: __thiscall CryptoPP::BaseN_Encoder::BaseN_Encoder(class CryptoPP::BufferedTransformation *)" (??0BaseN_Encoder@CryptoPP@@QAE@PAVBufferedTransformation@1@@Z).
Block.obj : error LNK2001: неразрешенный внешний символ "public: virtual unsigned int __thiscall CryptoPP::Filter::TransferTo2(class CryptoPP::BufferedTransformation &,unsigned __int64 &,class std::basic_string<char,struct std::char_traits<char>,class std::allocator<char> > const &,bool)" (?TransferTo2@Filter@CryptoPP@@UAEIAAVBufferedTransformation@2@AA_KABV?$basic_string@DU?$char_traits@D@std@@V?$allocator@D@2@@std@@_N@Z).
Block.obj : error LNK2001: неразрешенный внешний символ "public: virtual unsigned int __thiscall CryptoPP::Filter::CopyRangeTo2(class CryptoPP::BufferedTransformation &,unsigned __int64 &,unsigned __int64,class std::basic_string<char,struct std::char_traits<char>,class std::allocator<char> > const &,bool)const " (?CopyRangeTo2@Filter@CryptoPP@@UBEIAAVBufferedTransformation@2@AA_K_KABV?$basic_string@DU?$char_traits@D@std@@V?$allocator@D@2@@std@@_N@Z).
Block.obj : error LNK2001: неразрешенный внешний символ "public: virtual void __thiscall CryptoPP::Filter::Initialize(class CryptoPP::NameValuePairs const &,int)" (?Initialize@Filter@CryptoPP@@UAEXABVNameValuePairs@2@H@Z).
Block.obj : error LNK2001: неразрешенный внешний символ "public: virtual bool __thiscall CryptoPP::Filter::Flush(bool,int,bool)" (?Flush@Filter@CryptoPP@@UAE_N_NH0@Z).
Block.obj : error LNK2001: неразрешенный внешний символ "public: virtual bool __thiscall CryptoPP::Filter::MessageSeriesEnd(int,bool)" (?MessageSeriesEnd@Filter@CryptoPP@@UAE_NH_N@Z).
Block.obj : error LNK2001: неразрешенный внешний символ "protected: virtual class CryptoPP::BufferedTransformation * __thiscall CryptoPP::Filter::NewDefaultAttachment(void)const " (?NewDefaultAttachment@Filter@CryptoPP@@MBEPAVBufferedTransformation@2@XZ).
Block.obj : error LNK2001: неразрешенный внешний символ "public: virtual void __thiscall CryptoPP::FilterWithBufferedInput::IsolatedInitialize(class CryptoPP::NameValuePairs const &)" (?IsolatedInitialize@FilterWithBufferedInput@CryptoPP@@UAEXABVNameValuePairs@2@@Z).
Block.obj : error LNK2001: неразрешенный внешний символ "public: virtual bool __thiscall CryptoPP::FilterWithBufferedInput::IsolatedFlush(bool,bool)" (?IsolatedFlush@FilterWithBufferedInput@CryptoPP@@UAE_N_N0@Z).
Block.obj : error LNK2001: неразрешенный внешний символ "protected: virtual void __thiscall CryptoPP::FilterWithBufferedInput::NextPutMultiple(unsigned char const *,unsigned int)" (?NextPutMultiple@FilterWithBufferedInput@CryptoPP@@MAEXPBEI@Z).
Block.obj : error LNK2019: ссылка на неразрешенный внешний символ "protected: unsigned int __thiscall CryptoPP::FilterWithBufferedInput::PutMaybeModifiable(unsigned char *,unsigned int,int,bool,bool)" (?PutMaybeModifiable@FilterWithBufferedInput@CryptoPP@@IAEIPAEIH_N1@Z) в функции "public: virtual unsigned int __thiscall CryptoPP::FilterWithBufferedInput::Put2(unsigned char const *,unsigned int,int,bool)" (?Put2@FilterWithBufferedInput@CryptoPP@@UAEIPBEIH_N@Z).
Block.obj : error LNK2019: ссылка на неразрешенный внешний символ "public: __thiscall CryptoPP::ProxyFilter::ProxyFilter(class CryptoPP::BufferedTransformation *,unsigned int,unsigned int,class CryptoPP::BufferedTransformation *)" (??0ProxyFilter@CryptoPP@@QAE@PAVBufferedTransformation@1@II0@Z) в функции "public: __thiscall CryptoPP::SimpleProxyFilter::SimpleProxyFilter(class CryptoPP::BufferedTransformation *,class CryptoPP::BufferedTransformation *)" (??0SimpleProxyFilter@CryptoPP@@QAE@PAVBufferedTransformation@1@0@Z).
Block.obj : error LNK2001: неразрешенный внешний символ "public: virtual bool __thiscall CryptoPP::ProxyFilter::IsolatedFlush(bool,bool)" (?IsolatedFlush@ProxyFilter@CryptoPP@@UAE_N_N0@Z).
Block.obj : error LNK2001: неразрешенный внешний символ "public: virtual void __thiscall CryptoPP::ProxyFilter::NextPutMultiple(unsigned char const *,unsigned int)" (?NextPutMultiple@ProxyFilter@CryptoPP@@UAEXPBEI@Z).
Block.obj : error LNK2001: неразрешенный внешний символ "public: virtual void __thiscall CryptoPP::ProxyFilter::NextPutModifiable(unsigned char *,unsigned int)" (?NextPutModifiable@ProxyFilter@CryptoPP@@UAEXPAEI@Z).
Block.obj : error LNK2001: неразрешенный внешний символ "public: virtual void __thiscall CryptoPP::BaseN_Encoder::IsolatedInitialize(class CryptoPP::NameValuePairs const &)" (?IsolatedInitialize@BaseN_Encoder@CryptoPP@@UAEXABVNameValuePairs@2@@Z).
Block.obj : error LNK2001: неразрешенный внешний символ "public: virtual unsigned int __thiscall CryptoPP::BaseN_Encoder::Put2(unsigned char const *,unsigned int,int,bool)" (?Put2@BaseN_Encoder@CryptoPP@@UAEIPBEIH_N@Z).
Block.obj : error LNK2001: неразрешенный внешний символ "public: virtual void __thiscall CryptoPP::Grouper::IsolatedInitialize(class CryptoPP::NameValuePairs const &)" (?IsolatedInitialize@Grouper@CryptoPP@@UAEXABVNameValuePairs@2@@Z).
Block.obj : error LNK2001: неразрешенный внешний символ "public: virtual unsigned int __thiscall CryptoPP::Grouper::Put2(unsigned char const *,unsigned int,int,bool)" (?Put2@Grouper@CryptoPP@@UAEIPBEIH_N@Z).
Block.obj : error LNK2019: ссылка на неразрешенный внешний символ "public: virtual void __thiscall CryptoPP::HexEncoder::IsolatedInitialize(class CryptoPP::NameValuePairs const &)" (?IsolatedInitialize@HexEncoder@CryptoPP@@UAEXABVNameValuePairs@2@@Z) в функции "public: __thiscall CryptoPP::HexEncoder::HexEncoder(class CryptoPP::BufferedTransformation *,bool,int,class std::basic_string<char,struct std::char_traits<char>,class std::allocator<char> > const &,class std::basic_string<char,struct std::char_traits<char>,class std::allocator<char> > const &)" (??0HexEncoder@CryptoPP@@QAE@PAVBufferedTransformation@1@_NHABV?$basic_string@DU?$char_traits@D@std@@V?$allocator@D@2@@std@@2@Z).
Block.obj : error LNK2001: неразрешенный внешний символ "class std::basic_string<char,struct std::char_traits<char>,class std::allocator<char> > const CryptoPP::DEFAULT_CHANNEL" (?DEFAULT_CHANNEL@CryptoPP@@3V?$basic_string@DU?$char_traits@D@std@@V?$allocator@D@2@@std@@B).
libcpmtd.lib(_tolower.obj) : error LNK2019: ссылка на неразрешенный внешний символ __wcsdup_dbg в функции __Getctype.
libcpmtd.lib(xstrcoll.obj) : error LNK2001: неразрешенный внешний символ __wcsdup_dbg.
libcpmtd.lib(locale.obj) : error LNK2019: ссылка на неразрешенный внешний символ __realloc_dbg в функции "private: static void __cdecl std::locale::_Locimp::_Locimp_Addfac(class std::locale::_Locimp *,class std::locale::facet *,unsigned int)" (?_Locimp_Addfac@_Locimp@locale@std@@CAXPAV123@PAVfacet@23@I@Z).
libcpmtd.lib(StlLCMapStringA.obj) : error LNK2019: ссылка на неразрешенный внешний символ __CrtDbgReportW в функции __freea_crt.
libcpmtd.lib(xmbtowc.obj) : error LNK2001: неразрешенный внешний символ __CrtDbgReportW.
libcpmtd.lib(StlCompareStringA.obj) : error LNK2001: неразрешенный внешний символ __CrtDbgReportW.
C:\Users\Home\source\repos\BlockChain MerkeTree\Dependencies\cryptopp\x64\Output\Release\cryptlib.lib : warning LNK4272: тип компьютера библиотеки "x64" конфликтует с типом целевого компьютера "x86"
C:\Users\Home\source\repos\BlockChain MerkeTree\Debug\BlockChain MerkeTree.exe : fatal error LNK1120: неразрешенных внешних элементов: 73
